<?xml version="1.0" encoding="utf-8"?><testsuites name="pytest tests"><testsuite name="pytest" errors="0" failures="0" skipped="0" tests="5" time="5.127" timestamp="2026-09-22T13:22:57.596041+08:00" hostname="hu"><testcase classname="tests.test_qlib_bridge" name="test_provider_preserves_calendar_gap_and_float32_header" time="0.054" /><testcase classname="tests.test_qlib_bridge" name="test_request_rejects_shell_like_input_and_invalid_intervals" time="0.003" /><testcase classname="tests.test_qlib_bridge" name="test_comparison_fails_on_missing_data_and_reference_std_convention" time="0.019" /><testcase classname="tests.test_qlib_bridge" name="test_actual_qlib_expression_engine_matches_independent_reference" time="4.167" /><testcase classname="tests.test_qlib_bridge" name="test_vwap_price_and_volume_use_inverse_adjustment_and_missing_is_not_passed" time="0.018" /></testsuite></testsuites>